<?xml version="1.0" encoding="UTF-8"?>
<testsuite xmlns:xsi="http://www.w3.org/2001/XMLSchema-instance" xsi:noNamespaceSchemaLocation="https://maven.apache.org/surefire/maven-surefire-plugin/xsd/surefire-test-report-3.0.xsd" version="3.0" name="org.example.runner.runner" time="2.673" tests="13" errors="0" skipped="0" failures="13">
  <properties>
    <property name="java.specification.version" value="20"/>
    <property name="sun.cpu.isalist" value="amd64"/>
    <property name="sun.jnu.encoding" value="Cp1252"/>
    <property name="java.class.path" value="C:\Users\ZOOM\IdeaProjects\demonopcommerce2\target\test-classes;C:\Users\ZOOM\IdeaProjects\demonopcommerce2\target\classes;C:\Users\ZOOM\.m2\repository\org\seleniumhq\selenium\selenium-java\4.9.1\selenium-java-4.9.1.jar;C:\Users\ZOOM\.m2\repository\org\seleniumhq\selenium\selenium-api\4.9.1\selenium-api-4.9.1.jar;C:\Users\ZOOM\.m2\repository\org\seleniumhq\selenium\selenium-chrome-driver\4.9.1\selenium-chrome-driver-4.9.1.jar;C:\Users\ZOOM\.m2\repository\com\google\auto\service\auto-service-annotations\1.0.1\auto-service-annotations-1.0.1.jar;C:\Users\ZOOM\.m2\repository\com\google\auto\service\auto-service\1.0.1\auto-service-1.0.1.jar;C:\Users\ZOOM\.m2\repository\com\google\auto\auto-common\1.2\auto-common-1.2.jar;C:\Users\ZOOM\.m2\repository\com\google\guava\guava\31.1-jre\guava-31.1-jre.jar;C:\Users\ZOOM\.m2\repository\com\google\guava\failureaccess\1.0.1\failureaccess-1.0.1.jar;C:\Users\ZOOM\.m2\repository\com\google\guava\listenablefuture\9999.0-empty-to-avoid-conflict-with-guava\listenablefuture-9999.0-empty-to-avoid-conflict-with-guava.jar;C:\Users\ZOOM\.m2\repository\com\google\code\findbugs\jsr305\3.0.2\jsr305-3.0.2.jar;C:\Users\ZOOM\.m2\repository\org\checkerframework\checker-qual\3.12.0\checker-qual-3.12.0.jar;C:\Users\ZOOM\.m2\repository\com\google\errorprone\error_prone_annotations\2.11.0\error_prone_annotations-2.11.0.jar;C:\Users\ZOOM\.m2\repository\com\google\j2objc\j2objc-annotations\1.3\j2objc-annotations-1.3.jar;C:\Users\ZOOM\.m2\repository\org\seleniumhq\selenium\selenium-chromium-driver\4.9.1\selenium-chromium-driver-4.9.1.jar;C:\Users\ZOOM\.m2\repository\org\seleniumhq\selenium\selenium-json\4.9.1\selenium-json-4.9.1.jar;C:\Users\ZOOM\.m2\repository\org\seleniumhq\selenium\selenium-manager\4.9.1\selenium-manager-4.9.1.jar;C:\Users\ZOOM\.m2\repository\org\seleniumhq\selenium\selenium-devtools-v111\4.9.1\selenium-devtools-v111-4.9.1.jar;C:\Users\ZOOM\.m2\repository\org\seleniumhq\selenium\selenium-devtools-v112\4.9.1\selenium-devtools-v112-4.9.1.jar;C:\Users\ZOOM\.m2\repository\org\seleniumhq\selenium\selenium-devtools-v113\4.9.1\selenium-devtools-v113-4.9.1.jar;C:\Users\ZOOM\.m2\repository\org\seleniumhq\selenium\selenium-devtools-v85\4.9.1\selenium-devtools-v85-4.9.1.jar;C:\Users\ZOOM\.m2\repository\org\seleniumhq\selenium\selenium-edge-driver\4.9.1\selenium-edge-driver-4.9.1.jar;C:\Users\ZOOM\.m2\repository\org\seleniumhq\selenium\selenium-firefox-driver\4.9.1\selenium-firefox-driver-4.9.1.jar;C:\Users\ZOOM\.m2\repository\org\seleniumhq\selenium\selenium-http\4.9.1\selenium-http-4.9.1.jar;C:\Users\ZOOM\.m2\repository\dev\failsafe\failsafe\3.3.1\failsafe-3.3.1.jar;C:\Users\ZOOM\.m2\repository\org\seleniumhq\selenium\selenium-ie-driver\4.9.1\selenium-ie-driver-4.9.1.jar;C:\Users\ZOOM\.m2\repository\org\seleniumhq\selenium\selenium-remote-driver\4.9.1\selenium-remote-driver-4.9.1.jar;C:\Users\ZOOM\.m2\repository\com\beust\jcommander\1.82\jcommander-1.82.jar;C:\Users\ZOOM\.m2\repository\io\netty\netty-buffer\4.1.91.Final\netty-buffer-4.1.91.Final.jar;C:\Users\ZOOM\.m2\repository\io\netty\netty-codec-http\4.1.91.Final\netty-codec-http-4.1.91.Final.jar;C:\Users\ZOOM\.m2\repository\io\netty\netty-codec\4.1.91.Final\netty-codec-4.1.91.Final.jar;C:\Users\ZOOM\.m2\repository\io\netty\netty-handler\4.1.91.Final\netty-handler-4.1.91.Final.jar;C:\Users\ZOOM\.m2\repository\io\netty\netty-common\4.1.91.Final\netty-common-4.1.91.Final.jar;C:\Users\ZOOM\.m2\repository\io\netty\netty-transport-classes-epoll\4.1.91.Final\netty-transport-classes-epoll-4.1.91.Final.jar;C:\Users\ZOOM\.m2\repository\io\netty\netty-transport-classes-kqueue\4.1.91.Final\netty-transport-classes-kqueue-4.1.91.Final.jar;C:\Users\ZOOM\.m2\repository\io\netty\netty-transport-native-epoll\4.1.91.Final\netty-transport-native-epoll-4.1.91.Final.jar;C:\Users\ZOOM\.m2\repository\io\netty\netty-transport-native-kqueue\4.1.91.Final\netty-transport-native-kqueue-4.1.91.Final.jar;C:\Users\ZOOM\.m2\repository\io\netty\netty-transport-native-unix-common\4.1.91.Final\netty-transport-native-unix-common-4.1.91.Final.jar;C:\Users\ZOOM\.m2\repository\io\netty\netty-transport\4.1.91.Final\netty-transport-4.1.91.Final.jar;C:\Users\ZOOM\.m2\repository\io\netty\netty-resolver\4.1.91.Final\netty-resolver-4.1.91.Final.jar;C:\Users\ZOOM\.m2\repository\io\opentelemetry\opentelemetry-api\1.25.0\opentelemetry-api-1.25.0.jar;C:\Users\ZOOM\.m2\repository\io\opentelemetry\opentelemetry-context\1.25.0\opentelemetry-context-1.25.0.jar;C:\Users\ZOOM\.m2\repository\io\opentelemetry\opentelemetry-exporter-logging\1.25.0\opentelemetry-exporter-logging-1.25.0.jar;C:\Users\ZOOM\.m2\repository\io\opentelemetry\opentelemetry-sdk-metrics\1.25.0\opentelemetry-sdk-metrics-1.25.0.jar;C:\Users\ZOOM\.m2\repository\io\opentelemetry\opentelemetry-sdk-logs\1.25.0-alpha\opentelemetry-sdk-logs-1.25.0-alpha.jar;C:\Users\ZOOM\.m2\repository\io\opentelemetry\opentelemetry-api-logs\1.25.0-alpha\opentelemetry-api-logs-1.25.0-alpha.jar;C:\Users\ZOOM\.m2\repository\io\opentelemetry\opentelemetry-api-events\1.25.0-alpha\opentelemetry-api-events-1.25.0-alpha.jar;C:\Users\ZOOM\.m2\repository\io\opentelemetry\opentelemetry-sdk-common\1.25.0\opentelemetry-sdk-common-1.25.0.jar;C:\Users\ZOOM\.m2\repository\io\opentelemetry\opentelemetry-sdk-extension-autoconfigure-spi\1.25.0\opentelemetry-sdk-extension-autoconfigure-spi-1.25.0.jar;C:\Users\ZOOM\.m2\repository\io\opentelemetry\opentelemetry-sdk-extension-autoconfigure\1.25.0-alpha\opentelemetry-sdk-extension-autoconfigure-1.25.0-alpha.jar;C:\Users\ZOOM\.m2\repository\io\opentelemetry\opentelemetry-sdk-trace\1.25.0\opentelemetry-sdk-trace-1.25.0.jar;C:\Users\ZOOM\.m2\repository\io\opentelemetry\opentelemetry-sdk\1.25.0\opentelemetry-sdk-1.25.0.jar;C:\Users\ZOOM\.m2\repository\io\opentelemetry\opentelemetry-semconv\1.25.0-alpha\opentelemetry-semconv-1.25.0-alpha.jar;C:\Users\ZOOM\.m2\repository\io\ous\jtoml\2.0.0\jtoml-2.0.0.jar;C:\Users\ZOOM\.m2\repository\net\bytebuddy\byte-buddy\1.14.4\byte-buddy-1.14.4.jar;C:\Users\ZOOM\.m2\repository\org\apache\commons\commons-exec\1.3\commons-exec-1.3.jar;C:\Users\ZOOM\.m2\repository\org\asynchttpclient\async-http-client\2.12.3\async-http-client-2.12.3.jar;C:\Users\ZOOM\.m2\repository\org\asynchttpclient\async-http-client-netty-utils\2.12.3\async-http-client-netty-utils-2.12.3.jar;C:\Users\ZOOM\.m2\repository\io\netty\netty-codec-socks\4.1.60.Final\netty-codec-socks-4.1.60.Final.jar;C:\Users\ZOOM\.m2\repository\io\netty\netty-handler-proxy\4.1.60.Final\netty-handler-proxy-4.1.60.Final.jar;C:\Users\ZOOM\.m2\repository\io\netty\netty-transport-native-epoll\4.1.60.Final\netty-transport-native-epoll-4.1.60.Final-linux-x86_64.jar;C:\Users\ZOOM\.m2\repository\io\netty\netty-transport-native-kqueue\4.1.60.Final\netty-transport-native-kqueue-4.1.60.Final-osx-x86_64.jar;C:\Users\ZOOM\.m2\repository\org\reactivestreams\reactive-streams\1.0.3\reactive-streams-1.0.3.jar;C:\Users\ZOOM\.m2\repository\com\typesafe\netty\netty-reactive-streams\2.0.4\netty-reactive-streams-2.0.4.jar;C:\Users\ZOOM\.m2\repository\com\sun\activation\jakarta.activation\1.2.2\jakarta.activation-1.2.2.jar;C:\Users\ZOOM\.m2\repository\org\seleniumhq\selenium\selenium-safari-driver\4.9.1\selenium-safari-driver-4.9.1.jar;C:\Users\ZOOM\.m2\repository\org\seleniumhq\selenium\selenium-support\4.9.1\selenium-support-4.9.1.jar;C:\Users\ZOOM\.m2\repository\io\cucumber\cucumber-java\7.12.1\cucumber-java-7.12.1.jar;C:\Users\ZOOM\.m2\repository\io\cucumber\cucumber-core\7.12.1\cucumber-core-7.12.1.jar;C:\Users\ZOOM\.m2\repository\io\cucumber\cucumber-gherkin\7.12.1\cucumber-gherkin-7.12.1.jar;C:\Users\ZOOM\.m2\repository\io\cucumber\cucumber-gherkin-messages\7.12.1\cucumber-gherkin-messages-7.12.1.jar;C:\Users\ZOOM\.m2\repository\io\cucumber\gherkin\26.2.0\gherkin-26.2.0.jar;C:\Users\ZOOM\.m2\repository\io\cucumber\messages\22.0.0\messages-22.0.0.jar;C:\Users\ZOOM\.m2\repository\io\cucumber\tag-expressions\5.0.1\tag-expressions-5.0.1.jar;C:\Users\ZOOM\.m2\repository\io\cucumber\cucumber-expressions\16.1.2\cucumber-expressions-16.1.2.jar;C:\Users\ZOOM\.m2\repository\io\cucumber\datatable\7.12.1\datatable-7.12.1.jar;C:\Users\ZOOM\.m2\repository\io\cucumber\cucumber-plugin\7.12.1\cucumber-plugin-7.12.1.jar;C:\Users\ZOOM\.m2\repository\io\cucumber\docstring\7.12.1\docstring-7.12.1.jar;C:\Users\ZOOM\.m2\repository\io\cucumber\html-formatter\20.3.1\html-formatter-20.3.1.jar;C:\Users\ZOOM\.m2\repository\io\cucumber\junit-xml-formatter\0.2.0\junit-xml-formatter-0.2.0.jar;C:\Users\ZOOM\.m2\repository\io\cucumber\ci-environment\9.2.0\ci-environment-9.2.0.jar;C:\Users\ZOOM\.m2\repository\org\apiguardian\apiguardian-api\1.1.2\apiguardian-api-1.1.2.jar;C:\Users\ZOOM\.m2\repository\io\cucumber\cucumber-testng\7.12.0\cucumber-testng-7.12.0.jar;C:\Users\ZOOM\.m2\repository\org\testng\testng\7.7.1\testng-7.7.1.jar;C:\Users\ZOOM\.m2\repository\org\slf4j\slf4j-api\1.7.36\slf4j-api-1.7.36.jar;C:\Users\ZOOM\.m2\repository\org\webjars\jquery\3.6.1\jquery-3.6.1.jar;"/>
    <property name="java.vm.vendor" value="Oracle Corporation"/>
    <property name="sun.arch.data.model" value="64"/>
    <property name="user.variant" value=""/>
    <property name="java.vendor.url" value="https://java.oracle.com/"/>
    <property name="user.timezone" value="Africa/Cairo"/>
    <property name="os.name" value="Windows 10"/>
    <property name="java.vm.specification.version" value="20"/>
    <property name="sun.java.launcher" value="SUN_STANDARD"/>
    <property name="user.country" value="US"/>
    <property name="sun.boot.library.path" value="C:\Program Files\Java\jdk-20\bin"/>
    <property name="sun.java.command" value="C:\Users\ZOOM\AppData\Local\Temp\surefire17443139673495091749\surefirebooter9738808613730157771.jar C:\Users\ZOOM\AppData\Local\Temp\surefire17443139673495091749 2023-08-05T14-52-04_659-jvmRun1 surefire14518493498163072926tmp surefire_011826229810309238487tmp"/>
    <property name="jdk.debug" value="release"/>
    <property name="surefire.test.class.path" value="C:\Users\ZOOM\IdeaProjects\demonopcommerce2\target\test-classes;C:\Users\ZOOM\IdeaProjects\demonopcommerce2\target\classes;C:\Users\ZOOM\.m2\repository\org\seleniumhq\selenium\selenium-java\4.9.1\selenium-java-4.9.1.jar;C:\Users\ZOOM\.m2\repository\org\seleniumhq\selenium\selenium-api\4.9.1\selenium-api-4.9.1.jar;C:\Users\ZOOM\.m2\repository\org\seleniumhq\selenium\selenium-chrome-driver\4.9.1\selenium-chrome-driver-4.9.1.jar;C:\Users\ZOOM\.m2\repository\com\google\auto\service\auto-service-annotations\1.0.1\auto-service-annotations-1.0.1.jar;C:\Users\ZOOM\.m2\repository\com\google\auto\service\auto-service\1.0.1\auto-service-1.0.1.jar;C:\Users\ZOOM\.m2\repository\com\google\auto\auto-common\1.2\auto-common-1.2.jar;C:\Users\ZOOM\.m2\repository\com\google\guava\guava\31.1-jre\guava-31.1-jre.jar;C:\Users\ZOOM\.m2\repository\com\google\guava\failureaccess\1.0.1\failureaccess-1.0.1.jar;C:\Users\ZOOM\.m2\repository\com\google\guava\listenablefuture\9999.0-empty-to-avoid-conflict-with-guava\listenablefuture-9999.0-empty-to-avoid-conflict-with-guava.jar;C:\Users\ZOOM\.m2\repository\com\google\code\findbugs\jsr305\3.0.2\jsr305-3.0.2.jar;C:\Users\ZOOM\.m2\repository\org\checkerframework\checker-qual\3.12.0\checker-qual-3.12.0.jar;C:\Users\ZOOM\.m2\repository\com\google\errorprone\error_prone_annotations\2.11.0\error_prone_annotations-2.11.0.jar;C:\Users\ZOOM\.m2\repository\com\google\j2objc\j2objc-annotations\1.3\j2objc-annotations-1.3.jar;C:\Users\ZOOM\.m2\repository\org\seleniumhq\selenium\selenium-chromium-driver\4.9.1\selenium-chromium-driver-4.9.1.jar;C:\Users\ZOOM\.m2\repository\org\seleniumhq\selenium\selenium-json\4.9.1\selenium-json-4.9.1.jar;C:\Users\ZOOM\.m2\repository\org\seleniumhq\selenium\selenium-manager\4.9.1\selenium-manager-4.9.1.jar;C:\Users\ZOOM\.m2\repository\org\seleniumhq\selenium\selenium-devtools-v111\4.9.1\selenium-devtools-v111-4.9.1.jar;C:\Users\ZOOM\.m2\repository\org\seleniumhq\selenium\selenium-devtools-v112\4.9.1\selenium-devtools-v112-4.9.1.jar;C:\Users\ZOOM\.m2\repository\org\seleniumhq\selenium\selenium-devtools-v113\4.9.1\selenium-devtools-v113-4.9.1.jar;C:\Users\ZOOM\.m2\repository\org\seleniumhq\selenium\selenium-devtools-v85\4.9.1\selenium-devtools-v85-4.9.1.jar;C:\Users\ZOOM\.m2\repository\org\seleniumhq\selenium\selenium-edge-driver\4.9.1\selenium-edge-driver-4.9.1.jar;C:\Users\ZOOM\.m2\repository\org\seleniumhq\selenium\selenium-firefox-driver\4.9.1\selenium-firefox-driver-4.9.1.jar;C:\Users\ZOOM\.m2\repository\org\seleniumhq\selenium\selenium-http\4.9.1\selenium-http-4.9.1.jar;C:\Users\ZOOM\.m2\repository\dev\failsafe\failsafe\3.3.1\failsafe-3.3.1.jar;C:\Users\ZOOM\.m2\repository\org\seleniumhq\selenium\selenium-ie-driver\4.9.1\selenium-ie-driver-4.9.1.jar;C:\Users\ZOOM\.m2\repository\org\seleniumhq\selenium\selenium-remote-driver\4.9.1\selenium-remote-driver-4.9.1.jar;C:\Users\ZOOM\.m2\repository\com\beust\jcommander\1.82\jcommander-1.82.jar;C:\Users\ZOOM\.m2\repository\io\netty\netty-buffer\4.1.91.Final\netty-buffer-4.1.91.Final.jar;C:\Users\ZOOM\.m2\repository\io\netty\netty-codec-http\4.1.91.Final\netty-codec-http-4.1.91.Final.jar;C:\Users\ZOOM\.m2\repository\io\netty\netty-codec\4.1.91.Final\netty-codec-4.1.91.Final.jar;C:\Users\ZOOM\.m2\repository\io\netty\netty-handler\4.1.91.Final\netty-handler-4.1.91.Final.jar;C:\Users\ZOOM\.m2\repository\io\netty\netty-common\4.1.91.Final\netty-common-4.1.91.Final.jar;C:\Users\ZOOM\.m2\repository\io\netty\netty-transport-classes-epoll\4.1.91.Final\netty-transport-classes-epoll-4.1.91.Final.jar;C:\Users\ZOOM\.m2\repository\io\netty\netty-transport-classes-kqueue\4.1.91.Final\netty-transport-classes-kqueue-4.1.91.Final.jar;C:\Users\ZOOM\.m2\repository\io\netty\netty-transport-native-epoll\4.1.91.Final\netty-transport-native-epoll-4.1.91.Final.jar;C:\Users\ZOOM\.m2\repository\io\netty\netty-transport-native-kqueue\4.1.91.Final\netty-transport-native-kqueue-4.1.91.Final.jar;C:\Users\ZOOM\.m2\repository\io\netty\netty-transport-native-unix-common\4.1.91.Final\netty-transport-native-unix-common-4.1.91.Final.jar;C:\Users\ZOOM\.m2\repository\io\netty\netty-transport\4.1.91.Final\netty-transport-4.1.91.Final.jar;C:\Users\ZOOM\.m2\repository\io\netty\netty-resolver\4.1.91.Final\netty-resolver-4.1.91.Final.jar;C:\Users\ZOOM\.m2\repository\io\opentelemetry\opentelemetry-api\1.25.0\opentelemetry-api-1.25.0.jar;C:\Users\ZOOM\.m2\repository\io\opentelemetry\opentelemetry-context\1.25.0\opentelemetry-context-1.25.0.jar;C:\Users\ZOOM\.m2\repository\io\opentelemetry\opentelemetry-exporter-logging\1.25.0\opentelemetry-exporter-logging-1.25.0.jar;C:\Users\ZOOM\.m2\repository\io\opentelemetry\opentelemetry-sdk-metrics\1.25.0\opentelemetry-sdk-metrics-1.25.0.jar;C:\Users\ZOOM\.m2\repository\io\opentelemetry\opentelemetry-sdk-logs\1.25.0-alpha\opentelemetry-sdk-logs-1.25.0-alpha.jar;C:\Users\ZOOM\.m2\repository\io\opentelemetry\opentelemetry-api-logs\1.25.0-alpha\opentelemetry-api-logs-1.25.0-alpha.jar;C:\Users\ZOOM\.m2\repository\io\opentelemetry\opentelemetry-api-events\1.25.0-alpha\opentelemetry-api-events-1.25.0-alpha.jar;C:\Users\ZOOM\.m2\repository\io\opentelemetry\opentelemetry-sdk-common\1.25.0\opentelemetry-sdk-common-1.25.0.jar;C:\Users\ZOOM\.m2\repository\io\opentelemetry\opentelemetry-sdk-extension-autoconfigure-spi\1.25.0\opentelemetry-sdk-extension-autoconfigure-spi-1.25.0.jar;C:\Users\ZOOM\.m2\repository\io\opentelemetry\opentelemetry-sdk-extension-autoconfigure\1.25.0-alpha\opentelemetry-sdk-extension-autoconfigure-1.25.0-alpha.jar;C:\Users\ZOOM\.m2\repository\io\opentelemetry\opentelemetry-sdk-trace\1.25.0\opentelemetry-sdk-trace-1.25.0.jar;C:\Users\ZOOM\.m2\repository\io\opentelemetry\opentelemetry-sdk\1.25.0\opentelemetry-sdk-1.25.0.jar;C:\Users\ZOOM\.m2\repository\io\opentelemetry\opentelemetry-semconv\1.25.0-alpha\opentelemetry-semconv-1.25.0-alpha.jar;C:\Users\ZOOM\.m2\repository\io\ous\jtoml\2.0.0\jtoml-2.0.0.jar;C:\Users\ZOOM\.m2\repository\net\bytebuddy\byte-buddy\1.14.4\byte-buddy-1.14.4.jar;C:\Users\ZOOM\.m2\repository\org\apache\commons\commons-exec\1.3\commons-exec-1.3.jar;C:\Users\ZOOM\.m2\repository\org\asynchttpclient\async-http-client\2.12.3\async-http-client-2.12.3.jar;C:\Users\ZOOM\.m2\repository\org\asynchttpclient\async-http-client-netty-utils\2.12.3\async-http-client-netty-utils-2.12.3.jar;C:\Users\ZOOM\.m2\repository\io\netty\netty-codec-socks\4.1.60.Final\netty-codec-socks-4.1.60.Final.jar;C:\Users\ZOOM\.m2\repository\io\netty\netty-handler-proxy\4.1.60.Final\netty-handler-proxy-4.1.60.Final.jar;C:\Users\ZOOM\.m2\repository\io\netty\netty-transport-native-epoll\4.1.60.Final\netty-transport-native-epoll-4.1.60.Final-linux-x86_64.jar;C:\Users\ZOOM\.m2\repository\io\netty\netty-transport-native-kqueue\4.1.60.Final\netty-transport-native-kqueue-4.1.60.Final-osx-x86_64.jar;C:\Users\ZOOM\.m2\repository\org\reactivestreams\reactive-streams\1.0.3\reactive-streams-1.0.3.jar;C:\Users\ZOOM\.m2\repository\com\typesafe\netty\netty-reactive-streams\2.0.4\netty-reactive-streams-2.0.4.jar;C:\Users\ZOOM\.m2\repository\com\sun\activation\jakarta.activation\1.2.2\jakarta.activation-1.2.2.jar;C:\Users\ZOOM\.m2\repository\org\seleniumhq\selenium\selenium-safari-driver\4.9.1\selenium-safari-driver-4.9.1.jar;C:\Users\ZOOM\.m2\repository\org\seleniumhq\selenium\selenium-support\4.9.1\selenium-support-4.9.1.jar;C:\Users\ZOOM\.m2\repository\io\cucumber\cucumber-java\7.12.1\cucumber-java-7.12.1.jar;C:\Users\ZOOM\.m2\repository\io\cucumber\cucumber-core\7.12.1\cucumber-core-7.12.1.jar;C:\Users\ZOOM\.m2\repository\io\cucumber\cucumber-gherkin\7.12.1\cucumber-gherkin-7.12.1.jar;C:\Users\ZOOM\.m2\repository\io\cucumber\cucumber-gherkin-messages\7.12.1\cucumber-gherkin-messages-7.12.1.jar;C:\Users\ZOOM\.m2\repository\io\cucumber\gherkin\26.2.0\gherkin-26.2.0.jar;C:\Users\ZOOM\.m2\repository\io\cucumber\messages\22.0.0\messages-22.0.0.jar;C:\Users\ZOOM\.m2\repository\io\cucumber\tag-expressions\5.0.1\tag-expressions-5.0.1.jar;C:\Users\ZOOM\.m2\repository\io\cucumber\cucumber-expressions\16.1.2\cucumber-expressions-16.1.2.jar;C:\Users\ZOOM\.m2\repository\io\cucumber\datatable\7.12.1\datatable-7.12.1.jar;C:\Users\ZOOM\.m2\repository\io\cucumber\cucumber-plugin\7.12.1\cucumber-plugin-7.12.1.jar;C:\Users\ZOOM\.m2\repository\io\cucumber\docstring\7.12.1\docstring-7.12.1.jar;C:\Users\ZOOM\.m2\repository\io\cucumber\html-formatter\20.3.1\html-formatter-20.3.1.jar;C:\Users\ZOOM\.m2\repository\io\cucumber\junit-xml-formatter\0.2.0\junit-xml-formatter-0.2.0.jar;C:\Users\ZOOM\.m2\repository\io\cucumber\ci-environment\9.2.0\ci-environment-9.2.0.jar;C:\Users\ZOOM\.m2\repository\org\apiguardian\apiguardian-api\1.1.2\apiguardian-api-1.1.2.jar;C:\Users\ZOOM\.m2\repository\io\cucumber\cucumber-testng\7.12.0\cucumber-testng-7.12.0.jar;C:\Users\ZOOM\.m2\repository\org\testng\testng\7.7.1\testng-7.7.1.jar;C:\Users\ZOOM\.m2\repository\org\slf4j\slf4j-api\1.7.36\slf4j-api-1.7.36.jar;C:\Users\ZOOM\.m2\repository\org\webjars\jquery\3.6.1\jquery-3.6.1.jar;"/>
    <property name="sun.cpu.endian" value="little"/>
    <property name="user.home" value="C:\Users\ZOOM"/>
    <property name="user.language" value="en"/>
    <property name="java.specification.vendor" value="Oracle Corporation"/>
    <property name="java.version.date" value="2023-04-18"/>
    <property name="java.home" value="C:\Program Files\Java\jdk-20"/>
    <property name="file.separator" value="\"/>
    <property name="basedir" value="C:\Users\ZOOM\IdeaProjects\demonopcommerce2"/>
    <property name="java.vm.compressedOopsMode" value="32-bit"/>
    <property name="line.separator" value="&#10;"/>
    <property name="java.vm.specification.vendor" value="Oracle Corporation"/>
    <property name="java.specification.name" value="Java Platform API Specification"/>
    <property name="surefire.real.class.path" value="C:\Users\ZOOM\AppData\Local\Temp\surefire17443139673495091749\surefirebooter9738808613730157771.jar"/>
    <property name="user.script" value=""/>
    <property name="sun.management.compiler" value="HotSpot 64-Bit Tiered Compilers"/>
    <property name="java.runtime.version" value="20.0.1+9-29"/>
    <property name="user.name" value="ZOOM"/>
    <property name="stdout.encoding" value="Cp1252"/>
    <property name="path.separator" value=";"/>
    <property name="os.version" value="10.0"/>
    <property name="java.runtime.name" value="Java(TM) SE Runtime Environment"/>
    <property name="file.encoding" value="UTF-8"/>
    <property name="java.vm.name" value="Java HotSpot(TM) 64-Bit Server VM"/>
    <property name="localRepository" value="C:\Users\ZOOM\.m2\repository"/>
    <property name="java.vendor.url.bug" value="https://bugreport.java.com/bugreport/"/>
    <property name="java.io.tmpdir" value="C:\Users\ZOOM\AppData\Local\Temp\"/>
    <property name="idea.version" value="2023.1.3"/>
    <property name="java.version" value="20.0.1"/>
    <property name="user.dir" value="C:\Users\ZOOM\IdeaProjects\demonopcommerce2"/>
    <property name="os.arch" value="amd64"/>
    <property name="java.vm.specification.name" value="Java Virtual Machine Specification"/>
    <property name="sun.os.patch.level" value=""/>
    <property name="native.encoding" value="Cp1252"/>
    <property name="java.library.path" value="C:\Program Files\Java\jdk-20\bin;C:\WINDOWS\Sun\Java\bin;C:\WINDOWS\system32;C:\WINDOWS;C:\Program Files\Common Files\Oracle\Java\javapath;C:\WINDOWS\system32;C:\WINDOWS;C:\WINDOWS\System32\Wbem;C:\WINDOWS\System32\WindowsPowerShell\v1.0\;C:\WINDOWS\System32\OpenSSH\;C:\Program Files\Microsoft SQL Server\150\Tools\Binn\;C:\Program Files\Microsoft SQL Server\Client SDK\ODBC\170\Tools\Binn\;C:\Program Files\dotnet\;C:\Program Files\Git\cmd;C:\Program Files\MySQL\MySQL Shell 8.0\bin\;C:\Users\ZOOM\AppData\Local\Microsoft\WindowsApps;C:\Users\ZOOM\.dotnet\tools;."/>
    <property name="java.vm.info" value="mixed mode, sharing"/>
    <property name="stderr.encoding" value="Cp1252"/>
    <property name="java.vendor" value="Oracle Corporation"/>
    <property name="java.vm.version" value="20.0.1+9-29"/>
    <property name="sun.io.unicode.encoding" value="UnicodeLittle"/>
    <property name="java.class.version" value="64.0"/>
  </properties>
  <testcase name="runScenario" classname="org.example.runner.runner" time="0.181">
    <failure message="The step &apos;user go to search box&apos; and 4 other step(s) are undefined.&#10;You can implement these steps using the snippet(s) below:&#10;&#10;@Given(&quot;user go to search box&quot;)&#10;public void user_go_to_search_box() {&#10;    // Write code here that turns the phrase above into concrete actions&#10;    throw new io.cucumber.java.PendingException();&#10;}&#10;@When(&quot;user enter the product {string}&quot;)&#10;public void user_enter_the_product(String string) {&#10;    // Write code here that turns the phrase above into concrete actions&#10;    throw new io.cucumber.java.PendingException();&#10;}&#10;@When(&quot;click on search button&quot;)&#10;public void click_on_search_button() {&#10;    // Write code here that turns the phrase above into concrete actions&#10;    throw new io.cucumber.java.PendingException();&#10;}&#10;@Then(&quot;each result contains the search word {string}&quot;)&#10;public void each_result_contains_the_search_word(String string) {&#10;    // Write code here that turns the phrase above into concrete actions&#10;    throw new io.cucumber.java.PendingException();&#10;}&#10;@Then(&quot;URL will change&quot;)&#10;public void url_will_change() {&#10;    // Write code here that turns the phrase above into concrete actions&#10;    throw new io.cucumber.java.PendingException();&#10;}&#10;" type="io.cucumber.testng.UndefinedStepException"><![CDATA[io.cucumber.testng.UndefinedStepException: 
The step 'user go to search box' and 4 other step(s) are undefined.
You can implement these steps using the snippet(s) below:

@Given("user go to search box")
public void user_go_to_search_box() {
    // Write code here that turns the phrase above into concrete actions
    throw new io.cucumber.java.PendingException();
}
@When("user enter the product {string}")
public void user_enter_the_product(String string) {
    // Write code here that turns the phrase above into concrete actions
    throw new io.cucumber.java.PendingException();
}
@When("click on search button")
public void click_on_search_button() {
    // Write code here that turns the phrase above into concrete actions
    throw new io.cucumber.java.PendingException();
}
@Then("each result contains the search word {string}")
public void each_result_contains_the_search_word(String string) {
    // Write code here that turns the phrase above into concrete actions
    throw new io.cucumber.java.PendingException();
}
@Then("URL will change")
public void url_will_change() {
    // Write code here that turns the phrase above into concrete actions
    throw new io.cucumber.java.PendingException();
}

]]></failure>
    <system-out><![CDATA[
@smoke
Scenario Outline: user could search using product name &amp#27;[90m# src/main/resources/features/ F04_Search.feature:12&amp#27;[0m
  &amp#27;[33mGiven &amp#27;[0m&amp#27;[33muser go to search box&amp#27;[0m
  &amp#27;[36mWhen &amp#27;[0m&amp#27;[36muser enter the product "book"&amp#27;[0m
  &amp#27;[36mAnd &amp#27;[0m&amp#27;[36mclick on search button&amp#27;[0m
  &amp#27;[36mThen &amp#27;[0m&amp#27;[36meach result contains the search word "book"&amp#27;[0m
  &amp#27;[36mAnd &amp#27;[0m&amp#27;[36mURL will change&amp#27;[0m
]]></system-out>
    <system-err><![CDATA[SLF4J: Failed to load class "org.slf4j.impl.StaticLoggerBinder".
SLF4J: Defaulting to no-operation (NOP) logger implementation
SLF4J: See http://www.slf4j.org/codes.html#StaticLoggerBinder for further details.
]]></system-err>
  </testcase>
  <testcase name="runScenario" classname="org.example.runner.runner" time="0.051">
    <failure message="The step &apos;user go to search box&apos; and 4 other step(s) are undefined.&#10;You can implement these steps using the snippet(s) below:&#10;&#10;@Given(&quot;user go to search box&quot;)&#10;public void user_go_to_search_box() {&#10;    // Write code here that turns the phrase above into concrete actions&#10;    throw new io.cucumber.java.PendingException();&#10;}&#10;@When(&quot;user enter the product {string}&quot;)&#10;public void user_enter_the_product(String string) {&#10;    // Write code here that turns the phrase above into concrete actions&#10;    throw new io.cucumber.java.PendingException();&#10;}&#10;@When(&quot;click on search button&quot;)&#10;public void click_on_search_button() {&#10;    // Write code here that turns the phrase above into concrete actions&#10;    throw new io.cucumber.java.PendingException();&#10;}&#10;@Then(&quot;each result contains the search word {string}&quot;)&#10;public void each_result_contains_the_search_word(String string) {&#10;    // Write code here that turns the phrase above into concrete actions&#10;    throw new io.cucumber.java.PendingException();&#10;}&#10;@Then(&quot;URL will change&quot;)&#10;public void url_will_change() {&#10;    // Write code here that turns the phrase above into concrete actions&#10;    throw new io.cucumber.java.PendingException();&#10;}&#10;" type="io.cucumber.testng.UndefinedStepException"><![CDATA[io.cucumber.testng.UndefinedStepException: 
The step 'user go to search box' and 4 other step(s) are undefined.
You can implement these steps using the snippet(s) below:

@Given("user go to search box")
public void user_go_to_search_box() {
    // Write code here that turns the phrase above into concrete actions
    throw new io.cucumber.java.PendingException();
}
@When("user enter the product {string}")
public void user_enter_the_product(String string) {
    // Write code here that turns the phrase above into concrete actions
    throw new io.cucumber.java.PendingException();
}
@When("click on search button")
public void click_on_search_button() {
    // Write code here that turns the phrase above into concrete actions
    throw new io.cucumber.java.PendingException();
}
@Then("each result contains the search word {string}")
public void each_result_contains_the_search_word(String string) {
    // Write code here that turns the phrase above into concrete actions
    throw new io.cucumber.java.PendingException();
}
@Then("URL will change")
public void url_will_change() {
    // Write code here that turns the phrase above into concrete actions
    throw new io.cucumber.java.PendingException();
}

]]></failure>
    <system-out><![CDATA[
@smoke
Scenario Outline: user could search using product name &amp#27;[90m# src/main/resources/features/ F04_Search.feature:13&amp#27;[0m
  &amp#27;[33mGiven &amp#27;[0m&amp#27;[33muser go to search box&amp#27;[0m
  &amp#27;[36mWhen &amp#27;[0m&amp#27;[36muser enter the product "laptop"&amp#27;[0m
  &amp#27;[36mAnd &amp#27;[0m&amp#27;[36mclick on search button&amp#27;[0m
  &amp#27;[36mThen &amp#27;[0m&amp#27;[36meach result contains the search word "laptop"&amp#27;[0m
  &amp#27;[36mAnd &amp#27;[0m&amp#27;[36mURL will change&amp#27;[0m
]]></system-out>
  </testcase>
  <testcase name="runScenario" classname="org.example.runner.runner" time="0.039">
    <failure message="The step &apos;user go to search box&apos; and 4 other step(s) are undefined.&#10;You can implement these steps using the snippet(s) below:&#10;&#10;@Given(&quot;user go to search box&quot;)&#10;public void user_go_to_search_box() {&#10;    // Write code here that turns the phrase above into concrete actions&#10;    throw new io.cucumber.java.PendingException();&#10;}&#10;@When(&quot;user enter the product {string}&quot;)&#10;public void user_enter_the_product(String string) {&#10;    // Write code here that turns the phrase above into concrete actions&#10;    throw new io.cucumber.java.PendingException();&#10;}&#10;@When(&quot;click on search button&quot;)&#10;public void click_on_search_button() {&#10;    // Write code here that turns the phrase above into concrete actions&#10;    throw new io.cucumber.java.PendingException();&#10;}&#10;@Then(&quot;each result contains the search word {string}&quot;)&#10;public void each_result_contains_the_search_word(String string) {&#10;    // Write code here that turns the phrase above into concrete actions&#10;    throw new io.cucumber.java.PendingException();&#10;}&#10;@Then(&quot;URL will change&quot;)&#10;public void url_will_change() {&#10;    // Write code here that turns the phrase above into concrete actions&#10;    throw new io.cucumber.java.PendingException();&#10;}&#10;" type="io.cucumber.testng.UndefinedStepException"><![CDATA[io.cucumber.testng.UndefinedStepException: 
The step 'user go to search box' and 4 other step(s) are undefined.
You can implement these steps using the snippet(s) below:

@Given("user go to search box")
public void user_go_to_search_box() {
    // Write code here that turns the phrase above into concrete actions
    throw new io.cucumber.java.PendingException();
}
@When("user enter the product {string}")
public void user_enter_the_product(String string) {
    // Write code here that turns the phrase above into concrete actions
    throw new io.cucumber.java.PendingException();
}
@When("click on search button")
public void click_on_search_button() {
    // Write code here that turns the phrase above into concrete actions
    throw new io.cucumber.java.PendingException();
}
@Then("each result contains the search word {string}")
public void each_result_contains_the_search_word(String string) {
    // Write code here that turns the phrase above into concrete actions
    throw new io.cucumber.java.PendingException();
}
@Then("URL will change")
public void url_will_change() {
    // Write code here that turns the phrase above into concrete actions
    throw new io.cucumber.java.PendingException();
}

]]></failure>
    <system-out><![CDATA[
@smoke
Scenario Outline: user could search using product name &amp#27;[90m# src/main/resources/features/ F04_Search.feature:14&amp#27;[0m
  &amp#27;[33mGiven &amp#27;[0m&amp#27;[33muser go to search box&amp#27;[0m
  &amp#27;[36mWhen &amp#27;[0m&amp#27;[36muser enter the product "nike"&amp#27;[0m
  &amp#27;[36mAnd &amp#27;[0m&amp#27;[36mclick on search button&amp#27;[0m
  &amp#27;[36mThen &amp#27;[0m&amp#27;[36meach result contains the search word "nike"&amp#27;[0m
  &amp#27;[36mAnd &amp#27;[0m&amp#27;[36mURL will change&amp#27;[0m
]]></system-out>
  </testcase>
  <testcase name="runScenario" classname="org.example.runner.runner" time="0.021">
    <failure message="The step &apos;user go to search box&apos; and 4 other step(s) are undefined.&#10;You can implement these steps using the snippet(s) below:&#10;&#10;@Given(&quot;user go to search box&quot;)&#10;public void user_go_to_search_box() {&#10;    // Write code here that turns the phrase above into concrete actions&#10;    throw new io.cucumber.java.PendingException();&#10;}&#10;@When(&quot;user enter the product {string}&quot;)&#10;public void user_enter_the_product(String string) {&#10;    // Write code here that turns the phrase above into concrete actions&#10;    throw new io.cucumber.java.PendingException();&#10;}&#10;@When(&quot;click on search button&quot;)&#10;public void click_on_search_button() {&#10;    // Write code here that turns the phrase above into concrete actions&#10;    throw new io.cucumber.java.PendingException();&#10;}&#10;@When(&quot;click on the product in search result&quot;)&#10;public void click_on_the_product_in_search_result() {&#10;    // Write code here that turns the phrase above into concrete actions&#10;    throw new io.cucumber.java.PendingException();&#10;}&#10;@Then(&quot;sku shown in this page contains the {string} that you are using in search&quot;)&#10;public void sku_shown_in_this_page_contains_the_that_you_are_using_in_search(String string) {&#10;    // Write code here that turns the phrase above into concrete actions&#10;    throw new io.cucumber.java.PendingException();&#10;}&#10;" type="io.cucumber.testng.UndefinedStepException"><![CDATA[io.cucumber.testng.UndefinedStepException: 
The step 'user go to search box' and 4 other step(s) are undefined.
You can implement these steps using the snippet(s) below:

@Given("user go to search box")
public void user_go_to_search_box() {
    // Write code here that turns the phrase above into concrete actions
    throw new io.cucumber.java.PendingException();
}
@When("user enter the product {string}")
public void user_enter_the_product(String string) {
    // Write code here that turns the phrase above into concrete actions
    throw new io.cucumber.java.PendingException();
}
@When("click on search button")
public void click_on_search_button() {
    // Write code here that turns the phrase above into concrete actions
    throw new io.cucumber.java.PendingException();
}
@When("click on the product in search result")
public void click_on_the_product_in_search_result() {
    // Write code here that turns the phrase above into concrete actions
    throw new io.cucumber.java.PendingException();
}
@Then("sku shown in this page contains the {string} that you are using in search")
public void sku_shown_in_this_page_contains_the_that_you_are_using_in_search(String string) {
    // Write code here that turns the phrase above into concrete actions
    throw new io.cucumber.java.PendingException();
}

]]></failure>
    <system-out><![CDATA[
@smoke
Scenario Outline: user could search for product using sku                           &amp#27;[90m# src/main/resources/features/ F04_Search.feature:24&amp#27;[0m
  &amp#27;[33mGiven &amp#27;[0m&amp#27;[33muser go to search box&amp#27;[0m
  &amp#27;[36mWhen &amp#27;[0m&amp#27;[36muser enter the product "SCI_FAITH"&amp#27;[0m
  &amp#27;[36mAnd &amp#27;[0m&amp#27;[36mclick on search button&amp#27;[0m
  &amp#27;[36mAnd &amp#27;[0m&amp#27;[36mclick on the product in search result&amp#27;[0m
  &amp#27;[36mThen &amp#27;[0m&amp#27;[36msku shown in this page contains the "SCI_FAITH" that you are using in search&amp#27;[0m
]]></system-out>
  </testcase>
  <testcase name="runScenario" classname="org.example.runner.runner" time="0.089">
    <failure message="The step &apos;user go to search box&apos; and 4 other step(s) are undefined.&#10;You can implement these steps using the snippet(s) below:&#10;&#10;@Given(&quot;user go to search box&quot;)&#10;public void user_go_to_search_box() {&#10;    // Write code here that turns the phrase above into concrete actions&#10;    throw new io.cucumber.java.PendingException();&#10;}&#10;@When(&quot;user enter the product {string}&quot;)&#10;public void user_enter_the_product(String string) {&#10;    // Write code here that turns the phrase above into concrete actions&#10;    throw new io.cucumber.java.PendingException();&#10;}&#10;@When(&quot;click on search button&quot;)&#10;public void click_on_search_button() {&#10;    // Write code here that turns the phrase above into concrete actions&#10;    throw new io.cucumber.java.PendingException();&#10;}&#10;@When(&quot;click on the product in search result&quot;)&#10;public void click_on_the_product_in_search_result() {&#10;    // Write code here that turns the phrase above into concrete actions&#10;    throw new io.cucumber.java.PendingException();&#10;}&#10;@Then(&quot;sku shown in this page contains the {string} that you are using in search&quot;)&#10;public void sku_shown_in_this_page_contains_the_that_you_are_using_in_search(String string) {&#10;    // Write code here that turns the phrase above into concrete actions&#10;    throw new io.cucumber.java.PendingException();&#10;}&#10;" type="io.cucumber.testng.UndefinedStepException"><![CDATA[io.cucumber.testng.UndefinedStepException: 
The step 'user go to search box' and 4 other step(s) are undefined.
You can implement these steps using the snippet(s) below:

@Given("user go to search box")
public void user_go_to_search_box() {
    // Write code here that turns the phrase above into concrete actions
    throw new io.cucumber.java.PendingException();
}
@When("user enter the product {string}")
public void user_enter_the_product(String string) {
    // Write code here that turns the phrase above into concrete actions
    throw new io.cucumber.java.PendingException();
}
@When("click on search button")
public void click_on_search_button() {
    // Write code here that turns the phrase above into concrete actions
    throw new io.cucumber.java.PendingException();
}
@When("click on the product in search result")
public void click_on_the_product_in_search_result() {
    // Write code here that turns the phrase above into concrete actions
    throw new io.cucumber.java.PendingException();
}
@Then("sku shown in this page contains the {string} that you are using in search")
public void sku_shown_in_this_page_contains_the_that_you_are_using_in_search(String string) {
    // Write code here that turns the phrase above into concrete actions
    throw new io.cucumber.java.PendingException();
}

]]></failure>
    <system-out><![CDATA[
@smoke
Scenario Outline: user could search for product using sku                           &amp#27;[90m# src/main/resources/features/ F04_Search.feature:25&amp#27;[0m
  &amp#27;[33mGiven &amp#27;[0m&amp#27;[33muser go to search box&amp#27;[0m
  &amp#27;[36mWhen &amp#27;[0m&amp#27;[36muser enter the product "APPLE_CAM"&amp#27;[0m
  &amp#27;[36mAnd &amp#27;[0m&amp#27;[36mclick on search button&amp#27;[0m
  &amp#27;[36mAnd &amp#27;[0m&amp#27;[36mclick on the product in search result&amp#27;[0m
  &amp#27;[36mThen &amp#27;[0m&amp#27;[36msku shown in this page contains the "APPLE_CAM" that you are using in search&amp#27;[0m
]]></system-out>
  </testcase>
  <testcase name="runScenario" classname="org.example.runner.runner" time="0.064">
    <failure message="The step &apos;user go to search box&apos; and 4 other step(s) are undefined.&#10;You can implement these steps using the snippet(s) below:&#10;&#10;@Given(&quot;user go to search box&quot;)&#10;public void user_go_to_search_box() {&#10;    // Write code here that turns the phrase above into concrete actions&#10;    throw new io.cucumber.java.PendingException();&#10;}&#10;@When(&quot;user enter the product {string}&quot;)&#10;public void user_enter_the_product(String string) {&#10;    // Write code here that turns the phrase above into concrete actions&#10;    throw new io.cucumber.java.PendingException();&#10;}&#10;@When(&quot;click on search button&quot;)&#10;public void click_on_search_button() {&#10;    // Write code here that turns the phrase above into concrete actions&#10;    throw new io.cucumber.java.PendingException();&#10;}&#10;@When(&quot;click on the product in search result&quot;)&#10;public void click_on_the_product_in_search_result() {&#10;    // Write code here that turns the phrase above into concrete actions&#10;    throw new io.cucumber.java.PendingException();&#10;}&#10;@Then(&quot;sku shown in this page contains the {string} that you are using in search&quot;)&#10;public void sku_shown_in_this_page_contains_the_that_you_are_using_in_search(String string) {&#10;    // Write code here that turns the phrase above into concrete actions&#10;    throw new io.cucumber.java.PendingException();&#10;}&#10;" type="io.cucumber.testng.UndefinedStepException"><![CDATA[io.cucumber.testng.UndefinedStepException: 
The step 'user go to search box' and 4 other step(s) are undefined.
You can implement these steps using the snippet(s) below:

@Given("user go to search box")
public void user_go_to_search_box() {
    // Write code here that turns the phrase above into concrete actions
    throw new io.cucumber.java.PendingException();
}
@When("user enter the product {string}")
public void user_enter_the_product(String string) {
    // Write code here that turns the phrase above into concrete actions
    throw new io.cucumber.java.PendingException();
}
@When("click on search button")
public void click_on_search_button() {
    // Write code here that turns the phrase above into concrete actions
    throw new io.cucumber.java.PendingException();
}
@When("click on the product in search result")
public void click_on_the_product_in_search_result() {
    // Write code here that turns the phrase above into concrete actions
    throw new io.cucumber.java.PendingException();
}
@Then("sku shown in this page contains the {string} that you are using in search")
public void sku_shown_in_this_page_contains_the_that_you_are_using_in_search(String string) {
    // Write code here that turns the phrase above into concrete actions
    throw new io.cucumber.java.PendingException();
}

]]></failure>
    <system-out><![CDATA[
@smoke
Scenario Outline: user could search for product using sku                           &amp#27;[90m# src/main/resources/features/ F04_Search.feature:26&amp#27;[0m
  &amp#27;[33mGiven &amp#27;[0m&amp#27;[33muser go to search box&amp#27;[0m
  &amp#27;[36mWhen &amp#27;[0m&amp#27;[36muser enter the product "SF_PRO_11"&amp#27;[0m
  &amp#27;[36mAnd &amp#27;[0m&amp#27;[36mclick on search button&amp#27;[0m
  &amp#27;[36mAnd &amp#27;[0m&amp#27;[36mclick on the product in search result&amp#27;[0m
  &amp#27;[36mThen &amp#27;[0m&amp#27;[36msku shown in this page contains the "SF_PRO_11" that you are using in search&amp#27;[0m
]]></system-out>
  </testcase>
  <testcase name="runScenario" classname="org.example.runner.runner" time="0.032">
    <failure message="The step &apos;user go to register page&apos; and 9 other step(s) are undefined.&#10;You can implement these steps using the snippet(s) below:&#10;&#10;@Given(&quot;user go to register page&quot;)&#10;public void user_go_to_register_page() {&#10;    // Write code here that turns the phrase above into concrete actions&#10;    throw new io.cucumber.java.PendingException();&#10;}&#10;@When(&quot;user select gender type&quot;)&#10;public void user_select_gender_type() {&#10;    // Write code here that turns the phrase above into concrete actions&#10;    throw new io.cucumber.java.PendingException();&#10;}&#10;@When(&quot;user enter first name {string}&quot;)&#10;public void user_enter_first_name(String string) {&#10;    // Write code here that turns the phrase above into concrete actions&#10;    throw new io.cucumber.java.PendingException();&#10;}&#10;@When(&quot;user enter last name {string}&quot;)&#10;public void user_enter_last_name(String string) {&#10;    // Write code here that turns the phrase above into concrete actions&#10;    throw new io.cucumber.java.PendingException();&#10;}&#10;@When(&quot;user enter date of birth&quot;)&#10;public void user_enter_date_of_birth() {&#10;    // Write code here that turns the phrase above into concrete actions&#10;    throw new io.cucumber.java.PendingException();&#10;}&#10;@When(&quot;user enter email {string} field&quot;)&#10;public void user_enter_email_field(String string) {&#10;    // Write code here that turns the phrase above into concrete actions&#10;    throw new io.cucumber.java.PendingException();&#10;}&#10;@When(&quot;user fills Password field {string}&quot;)&#10;public void user_fills_password_field(String string) {&#10;    // Write code here that turns the phrase above into concrete actions&#10;    throw new io.cucumber.java.PendingException();&#10;}&#10;@When(&quot;user fills Confirm Password Field {string}&quot;)&#10;public void user_fills_confirm_password_field(String string) {&#10;    // Write code here that turns the phrase above into concrete actions&#10;    throw new io.cucumber.java.PendingException();&#10;}&#10;@When(&quot;user clicks on register button&quot;)&#10;public void user_clicks_on_register_button() {&#10;    // Write code here that turns the phrase above into concrete actions&#10;    throw new io.cucumber.java.PendingException();&#10;}&#10;@Then(&quot;success message is displayed&quot;)&#10;public void success_message_is_displayed() {&#10;    // Write code here that turns the phrase above into concrete actions&#10;    throw new io.cucumber.java.PendingException();&#10;}&#10;" type="io.cucumber.testng.UndefinedStepException"><![CDATA[io.cucumber.testng.UndefinedStepException: 
The step 'user go to register page' and 9 other step(s) are undefined.
You can implement these steps using the snippet(s) below:

@Given("user go to register page")
public void user_go_to_register_page() {
    // Write code here that turns the phrase above into concrete actions
    throw new io.cucumber.java.PendingException();
}
@When("user select gender type")
public void user_select_gender_type() {
    // Write code here that turns the phrase above into concrete actions
    throw new io.cucumber.java.PendingException();
}
@When("user enter first name {string}")
public void user_enter_first_name(String string) {
    // Write code here that turns the phrase above into concrete actions
    throw new io.cucumber.java.PendingException();
}
@When("user enter last name {string}")
public void user_enter_last_name(String string) {
    // Write code here that turns the phrase above into concrete actions
    throw new io.cucumber.java.PendingException();
}
@When("user enter date of birth")
public void user_enter_date_of_birth() {
    // Write code here that turns the phrase above into concrete actions
    throw new io.cucumber.java.PendingException();
}
@When("user enter email {string} field")
public void user_enter_email_field(String string) {
    // Write code here that turns the phrase above into concrete actions
    throw new io.cucumber.java.PendingException();
}
@When("user fills Password field {string}")
public void user_fills_password_field(String string) {
    // Write code here that turns the phrase above into concrete actions
    throw new io.cucumber.java.PendingException();
}
@When("user fills Confirm Password Field {string}")
public void user_fills_confirm_password_field(String string) {
    // Write code here that turns the phrase above into concrete actions
    throw new io.cucumber.java.PendingException();
}
@When("user clicks on register button")
public void user_clicks_on_register_button() {
    // Write code here that turns the phrase above into concrete actions
    throw new io.cucumber.java.PendingException();
}
@Then("success message is displayed")
public void success_message_is_displayed() {
    // Write code here that turns the phrase above into concrete actions
    throw new io.cucumber.java.PendingException();
}

]]></failure>
    <system-out><![CDATA[
@smoke
Scenario: guest user could register with valid data successfully &amp#27;[90m# src/main/resources/features/F01_Register.feature:4&amp#27;[0m
  &amp#27;[33mGiven &amp#27;[0m&amp#27;[33muser go to register page&amp#27;[0m
  &amp#27;[36mWhen &amp#27;[0m&amp#27;[36muser select gender type&amp#27;[0m
  &amp#27;[36mAnd &amp#27;[0m&amp#27;[36muser enter first name "rania automation"&amp#27;[0m
  &amp#27;[36mAnd &amp#27;[0m&amp#27;[36muser enter last name "tester"&amp#27;[0m
  &amp#27;[36mAnd &amp#27;[0m&amp#27;[36muser enter date of birth&amp#27;[0m
  &amp#27;[36mAnd &amp#27;[0m&amp#27;[36muser enter email "tests@example.com" field&amp#27;[0m
  &amp#27;[36mAnd &amp#27;[0m&amp#27;[36muser fills Password field "P@ssw0rd"&amp#27;[0m
  &amp#27;[36mAnd &amp#27;[0m&amp#27;[36muser fills Confirm Password Field "P@ssw0rd"&amp#27;[0m
  &amp#27;[36mAnd &amp#27;[0m&amp#27;[36muser clicks on register button&amp#27;[0m
  &amp#27;[36mThen &amp#27;[0m&amp#27;[36msuccess message is displayed&amp#27;[0m
]]></system-out>
  </testcase>
  <testcase name="runScenario" classname="org.example.runner.runner" time="0.054">
    <failure message="The step &apos;userr go to login page&apos; and 4 other step(s) are undefined.&#10;You can implement these steps using the snippet(s) below:&#10;&#10;@Given(&quot;userr go to login page&quot;)&#10;public void userr_go_to_login_page() {&#10;    // Write code here that turns the phrase above into concrete actions&#10;    throw new io.cucumber.java.PendingException();&#10;}&#10;@When(&quot;userr login with valid email {string}&quot;)&#10;public void userr_login_with_valid_email(String string) {&#10;    // Write code here that turns the phrase above into concrete actions&#10;    throw new io.cucumber.java.PendingException();&#10;}&#10;@When(&quot;userr  should enter valid password {string}&quot;)&#10;public void userr_should_enter_valid_password(String string) {&#10;    // Write code here that turns the phrase above into concrete actions&#10;    throw new io.cucumber.java.PendingException();&#10;}&#10;@When(&quot;userr press on login button&quot;)&#10;public void userr_press_on_login_button() {&#10;    // Write code here that turns the phrase above into concrete actions&#10;    throw new io.cucumber.java.PendingException();&#10;}&#10;@Then(&quot;userr login to the system successfully&quot;)&#10;public void userr_login_to_the_system_successfully() {&#10;    // Write code here that turns the phrase above into concrete actions&#10;    throw new io.cucumber.java.PendingException();&#10;}&#10;" type="io.cucumber.testng.UndefinedStepException"><![CDATA[io.cucumber.testng.UndefinedStepException: 
The step 'userr go to login page' and 4 other step(s) are undefined.
You can implement these steps using the snippet(s) below:

@Given("userr go to login page")
public void userr_go_to_login_page() {
    // Write code here that turns the phrase above into concrete actions
    throw new io.cucumber.java.PendingException();
}
@When("userr login with valid email {string}")
public void userr_login_with_valid_email(String string) {
    // Write code here that turns the phrase above into concrete actions
    throw new io.cucumber.java.PendingException();
}
@When("userr  should enter valid password {string}")
public void userr_should_enter_valid_password(String string) {
    // Write code here that turns the phrase above into concrete actions
    throw new io.cucumber.java.PendingException();
}
@When("userr press on login button")
public void userr_press_on_login_button() {
    // Write code here that turns the phrase above into concrete actions
    throw new io.cucumber.java.PendingException();
}
@Then("userr login to the system successfully")
public void userr_login_to_the_system_successfully() {
    // Write code here that turns the phrase above into concrete actions
    throw new io.cucumber.java.PendingException();
}

]]></failure>
    <system-out><![CDATA[
@smoke
Scenario: user could login with valid email and password &amp#27;[90m# src/main/resources/features/F02_Login.feature:4&amp#27;[0m
  &amp#27;[33mGiven &amp#27;[0m&amp#27;[33muserr go to login page&amp#27;[0m
  &amp#27;[36mWhen &amp#27;[0m&amp#27;[36muserr login with valid email "tests@example.com"&amp#27;[0m
  &amp#27;[36mAnd &amp#27;[0m&amp#27;[36muserr  should enter valid password "P@ssw0rd"&amp#27;[0m
  &amp#27;[36mAnd &amp#27;[0m&amp#27;[36muserr press on login button&amp#27;[0m
  &amp#27;[36mThen &amp#27;[0m&amp#27;[36muserr login to the system successfully&amp#27;[0m
]]></system-out>
  </testcase>
  <testcase name="runScenario" classname="org.example.runner.runner" time="0.031">
    <failure message="The step &apos;userr go to login page&apos; and 4 other step(s) are undefined.&#10;You can implement these steps using the snippet(s) below:&#10;&#10;@Given(&quot;userr go to login page&quot;)&#10;public void userr_go_to_login_page() {&#10;    // Write code here that turns the phrase above into concrete actions&#10;    throw new io.cucumber.java.PendingException();&#10;}&#10;@When(&quot;userr login with invalid email {string}&quot;)&#10;public void userr_login_with_invalid_email(String string) {&#10;    // Write code here that turns the phrase above into concrete actions&#10;    throw new io.cucumber.java.PendingException();&#10;}&#10;@When(&quot;userr enter valiid {string}&quot;)&#10;public void userr_enter_valiid(String string) {&#10;    // Write code here that turns the phrase above into concrete actions&#10;    throw new io.cucumber.java.PendingException();&#10;}&#10;@When(&quot;userr press on login button&quot;)&#10;public void userr_press_on_login_button() {&#10;    // Write code here that turns the phrase above into concrete actions&#10;    throw new io.cucumber.java.PendingException();&#10;}&#10;@Then(&quot;userr could not login to the system&quot;)&#10;public void userr_could_not_login_to_the_system() {&#10;    // Write code here that turns the phrase above into concrete actions&#10;    throw new io.cucumber.java.PendingException();&#10;}&#10;" type="io.cucumber.testng.UndefinedStepException"><![CDATA[io.cucumber.testng.UndefinedStepException: 
The step 'userr go to login page' and 4 other step(s) are undefined.
You can implement these steps using the snippet(s) below:

@Given("userr go to login page")
public void userr_go_to_login_page() {
    // Write code here that turns the phrase above into concrete actions
    throw new io.cucumber.java.PendingException();
}
@When("userr login with invalid email {string}")
public void userr_login_with_invalid_email(String string) {
    // Write code here that turns the phrase above into concrete actions
    throw new io.cucumber.java.PendingException();
}
@When("userr enter valiid {string}")
public void userr_enter_valiid(String string) {
    // Write code here that turns the phrase above into concrete actions
    throw new io.cucumber.java.PendingException();
}
@When("userr press on login button")
public void userr_press_on_login_button() {
    // Write code here that turns the phrase above into concrete actions
    throw new io.cucumber.java.PendingException();
}
@Then("userr could not login to the system")
public void userr_could_not_login_to_the_system() {
    // Write code here that turns the phrase above into concrete actions
    throw new io.cucumber.java.PendingException();
}

]]></failure>
    <system-out><![CDATA[
@smoke
Scenario: user could login with invalid email and password &amp#27;[90m# src/main/resources/features/F02_Login.feature:12&amp#27;[0m
  &amp#27;[33mGiven &amp#27;[0m&amp#27;[33muserr go to login page&amp#27;[0m
  &amp#27;[36mWhen &amp#27;[0m&amp#27;[36muserr login with invalid email "wrong@example.com"&amp#27;[0m
  &amp#27;[36mAnd &amp#27;[0m&amp#27;[36muserr enter valiid "P@ssw0rd"&amp#27;[0m
  &amp#27;[36mAnd &amp#27;[0m&amp#27;[36muserr press on login button&amp#27;[0m
  &amp#27;[36mThen &amp#27;[0m&amp#27;[36muserr could not login to the system&amp#27;[0m
]]></system-out>
  </testcase>
  <testcase name="runScenario" classname="org.example.runner.runner" time="0.012">
    <failure message="The step &apos;user opens facebook link&apos; and 1 other step(s) are undefined.&#10;You can implement these steps using the snippet(s) below:&#10;&#10;@When(&quot;user opens facebook link&quot;)&#10;public void user_opens_facebook_link() {&#10;    // Write code here that turns the phrase above into concrete actions&#10;    throw new io.cucumber.java.PendingException();&#10;}&#10;@Then(&quot;{string} is opened in new tab&quot;)&#10;public void is_opened_in_new_tab(String string) {&#10;    // Write code here that turns the phrase above into concrete actions&#10;    throw new io.cucumber.java.PendingException();&#10;}&#10;" type="io.cucumber.testng.UndefinedStepException"><![CDATA[io.cucumber.testng.UndefinedStepException: 
The step 'user opens facebook link' and 1 other step(s) are undefined.
You can implement these steps using the snippet(s) below:

@When("user opens facebook link")
public void user_opens_facebook_link() {
    // Write code here that turns the phrase above into concrete actions
    throw new io.cucumber.java.PendingException();
}
@Then("{string} is opened in new tab")
public void is_opened_in_new_tab(String string) {
    // Write code here that turns the phrase above into concrete actions
    throw new io.cucumber.java.PendingException();
}

]]></failure>
    <system-out><![CDATA[
@smoke
Scenario: user opens facebook link                                 &amp#27;[90m# src/main/resources/features/F07_followUs.feature:4&amp#27;[0m
  &amp#27;[33mWhen &amp#27;[0m&amp#27;[33muser opens facebook link&amp#27;[0m
  &amp#27;[36mThen &amp#27;[0m&amp#27;[36m"https://www.facebook.com/nopCommerce" is opened in new tab&amp#27;[0m
]]></system-out>
  </testcase>
  <testcase name="runScenario" classname="org.example.runner.runner" time="0.023">
    <failure message="The step &apos;user opens twitter link&apos; and 1 other step(s) are undefined.&#10;You can implement these steps using the snippet(s) below:&#10;&#10;@When(&quot;user opens twitter link&quot;)&#10;public void user_opens_twitter_link() {&#10;    // Write code here that turns the phrase above into concrete actions&#10;    throw new io.cucumber.java.PendingException();&#10;}&#10;@Then(&quot;{string} is opened in new tab&quot;)&#10;public void is_opened_in_new_tab(String string) {&#10;    // Write code here that turns the phrase above into concrete actions&#10;    throw new io.cucumber.java.PendingException();&#10;}&#10;" type="io.cucumber.testng.UndefinedStepException"><![CDATA[io.cucumber.testng.UndefinedStepException: 
The step 'user opens twitter link' and 1 other step(s) are undefined.
You can implement these steps using the snippet(s) below:

@When("user opens twitter link")
public void user_opens_twitter_link() {
    // Write code here that turns the phrase above into concrete actions
    throw new io.cucumber.java.PendingException();
}
@Then("{string} is opened in new tab")
public void is_opened_in_new_tab(String string) {
    // Write code here that turns the phrase above into concrete actions
    throw new io.cucumber.java.PendingException();
}

]]></failure>
    <system-out><![CDATA[
@smoke
Scenario: user opens twitter link                             &amp#27;[90m# src/main/resources/features/F07_followUs.feature:8&amp#27;[0m
  &amp#27;[33mWhen &amp#27;[0m&amp#27;[33muser opens twitter link&amp#27;[0m
  &amp#27;[36mThen &amp#27;[0m&amp#27;[36m"https://twitter.com/nopCommerce" is opened in new tab&amp#27;[0m
]]></system-out>
  </testcase>
  <testcase name="runScenario" classname="org.example.runner.runner" time="0.018">
    <failure message="The step &apos;user opens rss link&apos; and 1 other step(s) are undefined.&#10;You can implement these steps using the snippet(s) below:&#10;&#10;@When(&quot;user opens rss link&quot;)&#10;public void user_opens_rss_link() {&#10;    // Write code here that turns the phrase above into concrete actions&#10;    throw new io.cucumber.java.PendingException();&#10;}&#10;@Then(&quot;{string} is opened in new tab&quot;)&#10;public void is_opened_in_new_tab(String string) {&#10;    // Write code here that turns the phrase above into concrete actions&#10;    throw new io.cucumber.java.PendingException();&#10;}&#10;" type="io.cucumber.testng.UndefinedStepException"><![CDATA[io.cucumber.testng.UndefinedStepException: 
The step 'user opens rss link' and 1 other step(s) are undefined.
You can implement these steps using the snippet(s) below:

@When("user opens rss link")
public void user_opens_rss_link() {
    // Write code here that turns the phrase above into concrete actions
    throw new io.cucumber.java.PendingException();
}
@Then("{string} is opened in new tab")
public void is_opened_in_new_tab(String string) {
    // Write code here that turns the phrase above into concrete actions
    throw new io.cucumber.java.PendingException();
}

]]></failure>
    <system-out><![CDATA[
@smoke
Scenario: user opens rss link                                                       &amp#27;[90m# src/main/resources/features/F07_followUs.feature:12&amp#27;[0m
  &amp#27;[33mWhen &amp#27;[0m&amp#27;[33muser opens rss link&amp#27;[0m
  &amp#27;[36mThen &amp#27;[0m&amp#27;[36m"https://demo.nopcommerce.com/new-online-store-is-open" is opened in new tab&amp#27;[0m
]]></system-out>
  </testcase>
  <testcase name="runScenario" classname="org.example.runner.runner" time="0.008">
    <failure message="The step &apos;user opens youtube link&apos; and 1 other step(s) are undefined.&#10;You can implement these steps using the snippet(s) below:&#10;&#10;@When(&quot;user opens youtube link&quot;)&#10;public void user_opens_youtube_link() {&#10;    // Write code here that turns the phrase above into concrete actions&#10;    throw new io.cucumber.java.PendingException();&#10;}&#10;@Then(&quot;{string} is opened in new tab&quot;)&#10;public void is_opened_in_new_tab(String string) {&#10;    // Write code here that turns the phrase above into concrete actions&#10;    throw new io.cucumber.java.PendingException();&#10;}&#10;" type="io.cucumber.testng.UndefinedStepException"><![CDATA[io.cucumber.testng.UndefinedStepException: 
The step 'user opens youtube link' and 1 other step(s) are undefined.
You can implement these steps using the snippet(s) below:

@When("user opens youtube link")
public void user_opens_youtube_link() {
    // Write code here that turns the phrase above into concrete actions
    throw new io.cucumber.java.PendingException();
}
@Then("{string} is opened in new tab")
public void is_opened_in_new_tab(String string) {
    // Write code here that turns the phrase above into concrete actions
    throw new io.cucumber.java.PendingException();
}

]]></failure>
    <system-out><![CDATA[
@smoke
Scenario: user opens youtube link                                      &amp#27;[90m# src/main/resources/features/F07_followUs.feature:16&amp#27;[0m
  &amp#27;[33mWhen &amp#27;[0m&amp#27;[33muser opens youtube link&amp#27;[0m
  &amp#27;[36mThen &amp#27;[0m&amp#27;[36m"https://www.youtube.com/user/nopCommerce" is opened in new tab&amp#27;[0m
]]></system-out>
  </testcase>
</testsuite>